<?xml version="1.0" encoding="UTF-8"?>
<testng-results skipped="0" failed="0" ignored="0" total="1" passed="1">
  <reporter-output>
  </reporter-output>
  <suite name="Default suite" duration-ms="60339" started-at="2025-01-03T08:38:29Z" finished-at="2025-01-03T08:39:29Z">
    <groups>
    </groups>
    <test name="Default test" duration-ms="60339" started-at="2025-01-03T08:38:29Z" finished-at="2025-01-03T08:39:29Z">
      <class name="testAutomation.Q1">
        <test-method status="PASS" signature="setBaseURL()[pri:0, instance:testAutomation.Q1@39c0f4a]" name="setBaseURL" is-config="true" duration-ms="11373" started-at="2025-01-03T08:38:29Z" finished-at="2025-01-03T08:38:40Z">
          <reporter-output>
          </reporter-output>
        </test-method> <!-- setBaseURL -->
        <test-method status="PASS" signature="test()[pri:0, instance:testAutomation.Q1@39c0f4a]" name="test" duration-ms="47495" started-at="2025-01-03T08:38:40Z" finished-at="2025-01-03T08:39:27Z">
          <reporter-output>
          </reporter-output>
        </test-method> <!-- test -->
        <test-method status="PASS" signature="endSessions()[pri:0, instance:testAutomation.Q1@39c0f4a]" name="endSessions" is-config="true" duration-ms="1443" started-at="2025-01-03T08:39:27Z" finished-at="2025-01-03T08:39:29Z">
          <reporter-output>
          </reporter-output>
        </test-method> <!-- endSessions -->
      </class> <!-- testAutomation.Q1 -->
    </test> <!-- Default test -->
  </suite> <!-- Default suite -->
</testng-results>
